proguard/seeds.txt
com.jingkaihotel.R$attr: int SwipeBackLayoutStyle
com.jingkaihotel.R$attr: int behindOffset
com.jingkaihotel.R$attr: int behindScrollScale
com.jingkaihotel.R$attr: int behindWidth
com.jingkaihotel.R$attr: int centered
com.jingkaihotel.R$attr: int close_on_tapEnabled
com.jingkaihotel.R$attr: int edge_flag
com.jingkaihotel.R$attr: int edge_size
com.jingkaihotel.R$attr: int fadeDegree
com.jingkaihotel.R$attr: int fadeEnabled
com.jingkaihotel.R$attr: int fillColor
com.jingkaihotel.R$attr: int mode
com.jingkaihotel.R$attr: int pageColor
com.jingkaihotel.R$attr: int ptrAdapterViewBackground
com.jingkaihotel.R$attr: int ptrAnimationStyle
com.jingkaihotel.R$attr: int ptrDrawable
com.jingkaihotel.R$attr: int ptrDrawableBottom
com.jingkaihotel.R$attr: int ptrDrawableEnd
com.jingkaihotel.R$attr: int ptrDrawableStart
com.jingkaihotel.R$attr: int ptrDrawableTop
com.jingkaihotel.R$attr: int ptrHeaderBackground
com.jingkaihotel.R$attr: int ptrHeaderSubTextColor
com.jingkaihotel.R$attr: int ptrHeaderTextAppearance
com.jingkaihotel.R$attr: int ptrHeaderTextColor
com.jingkaihotel.R$attr: int ptrListViewExtrasEnabled
com.jingkaihotel.R$attr: int ptrMode
com.jingkaihotel.R$attr: int ptrOverScroll
com.jingkaihotel.R$attr: int ptrRefreshableViewBackground
com.jingkaihotel.R$attr: int ptrRotateDrawableWhilePulling
com.jingkaihotel.R$attr: int ptrScrollingWhileRefreshingEnabled
com.jingkaihotel.R$attr: int ptrShowIndicator
com.jingkaihotel.R$attr: int ptrSubHeaderTextAppearance
com.jingkaihotel.R$drawable: int biaozhundachuang01
com.jingkaihotel.R$drawable: int biaozhundachuang02
com.jingkaihotel.R$drawable: int biaozhunshuangren01
com.jingkaihotel.R$drawable: int biaozhunshuangren02
com.jingkaihotel.R$drawable: int conversation_bg_logo
com.jingkaihotel.R$drawable: int cover_default_bg
com.jingkaihotel.R$drawable: int coversation_bg
com.jingkaihotel.R$drawable: int diannaodachuang01
com.jingkaihotel.R$drawable: int diannaodachuang02
com.jingkaihotel.R$drawable: int diannaodachuang03
com.jingkaihotel.R$drawable: int diannaoshuangren01
com.jingkaihotel.R$drawable: int diannaoshuangren02
com.jingkaihotel.R$drawable: int diannaoshuangren03
com.jingkaihotel.R$drawable: int erwei
com.jingkaihotel.R$drawable: int erweimaqq
com.jingkaihotel.R$drawable: int huoma200
com.jingkaihotel.R$drawable: int ic_launcher
com.jingkaihotel.R$drawable: int leftlogo
com.jingkaihotel.R$drawable: int mainlogo
com.jingkaihotel.R$drawable: int map
com.jingkaihotel.R$drawable: int shadow_left
com.jingkaihotel.R$drawable: int shadow_right
com.jingkaihotel.R$drawable: int xiyvjian
com.jingkaihotel.R$id: int all
com.jingkaihotel.R$id: int both
com.jingkaihotel.R$id: int bottom
com.jingkaihotel.R$id: int btn_msg
com.jingkaihotel.R$id: int disabled
com.jingkaihotel.R$id: int dismiss
com.jingkaihotel.R$id: int flip
com.jingkaihotel.R$id: int fullscreen
com.jingkaihotel.R$id: int gridView
com.jingkaihotel.R$id: int imageView
com.jingkaihotel.R$id: int inputArea
com.jingkaihotel.R$id: int left
com.jingkaihotel.R$id: int main_left_fragment
com.jingkaihotel.R$id: int main_right_fragment
com.jingkaihotel.R$id: int manualOnly
com.jingkaihotel.R$id: int margin
com.jingkaihotel.R$id: int middle
com.jingkaihotel.R$id: int none
com.jingkaihotel.R$id: int pullDownFromTop
com.jingkaihotel.R$id: int pullFromEnd
com.jingkaihotel.R$id: int pullFromStart
com.jingkaihotel.R$id: int pullUpFromBottom
com.jingkaihotel.R$id: int reveal
com.jingkaihotel.R$id: int right
com.jingkaihotel.R$id: int rotate
com.jingkaihotel.R$id: int scrollview
com.jingkaihotel.R$id: int selected_view
com.jingkaihotel.R$id: int slidingmenumain
com.jingkaihotel.R$id: int textView
com.jingkaihotel.R$id: int viewPager
com.jingkaihotel.R$id: int webView
...
cn.bmob.v3.datatype.BmobFile$1$1
cn.bmob.v3.datatype.BmobFile$1$1: cn.bmob.v3.datatype.BmobFile$1 ap
cn.bmob.v3.datatype.BmobFile$1$1: cn.bmob.v3.listener.UploadFileListener ao
cn.bmob.v3.datatype.BmobFile$1$1: BmobFile$1$1(cn.bmob.v3.datatype.BmobFile$1,cn.bmob.v3.listener.UploadFileListener)
cn.bmob.v3.datatype.BmobFile$1$1: void onSuccess(A.madness)
cn.bmob.v3.datatype.BmobFile$1$1: void onFailure(int,java.lang.String)
cn.bmob.v3.datatype.BmobFile$1$1: void onProgress(java.lang.Integer)
cn.bmob.v3.datatype.BmobFile$1$1: void onStart()
cn.bmob.v3.datatype.BmobFile$1$1: void onFinish()
cn.bmob.v3.datatype.BmobFile$2
cn.bmob.v3.datatype.BmobFile$2: cn.bmob.v3.datatype.BmobFile an
cn.bmob.v3.datatype.BmobFile$2: android.content.Context Z
cn.bmob.v3.datatype.BmobFile$2: cn.bmob.v3.listener.UploadFileListener ao
cn.bmob.v3.datatype.BmobFile$2: BmobFile$2(cn.bmob.v3.datatype.BmobFile,android.content.Context,cn.bmob.v3.listener.UploadFileListener)
cn.bmob.v3.datatype.BmobFile$2: void run()
cn.bmob.v3.datatype.BmobFile$2: cn.bmob.v3.datatype.BmobFile Code(cn.bmob.v3.datatype.BmobFile$2)
cn.bmob.v3.datatype.BmobFile$2$1
cn.bmob.v3.datatype.BmobFile$2$1: cn.bmob.v3.datatype.BmobFile$2 aq
cn.bmob.v3.datatype.BmobFile$2$1: cn.bmob.v3.listener.UploadFileListener ao
cn.bmob.v3.datatype.BmobFile$2$1: BmobFile$2$1(cn.bmob.v3.datatype.BmobFile$2,cn.bmob.v3.listener.UploadFileListener)
cn.bmob.v3.datatype.BmobFile$2$1: void onSuccess(A.madness)
cn.bmob.v3.datatype.BmobFile$2$1: void onFailure(int,java.lang.String)
cn.bmob.v3.datatype.BmobFile$2$1: void onProgress(java.lang.Integer)
cn.bmob.v3.datatype.BmobFile$2$1: void onStart()
cn.bmob.v3.datatype.BmobFile$2$1: void onFinish()
cn.bmob.v3.datatype.BmobFile$3
cn.bmob.v3.datatype.BmobFile$3: cn.bmob.v3.listener.DeleteListener j
cn.bmob.v3.datatype.BmobFile$3: BmobFile$3(cn.bmob.v3.datatype.BmobFile,cn.bmob.v3.listener.DeleteListener)
cn.bmob.v3.datatype.BmobFile$3: void onSuccess(A.madness)
cn.bmob.v3.datatype.BmobFile$3: void onFailure(int,java.lang.String)
cn.bmob.v3.datatype.BmobFile$3: void onStart()
cn.bmob.v3.datatype.BmobFile$3: void onFinish()
cn.bmob.v3.datatype.BmobFile$4
cn.bmob.v3.datatype.BmobFile$4: android.widget.ImageView ar
cn.bmob.v3.datatype.BmobFile$4: BmobFile$4(cn.bmob.v3.datatype.BmobFile,android.widget.ImageView)
cn.bmob.v3.datatype.BmobFile$4: void onSuccess(A.madness)
cn.bmob.v3.datatype.BmobFile$4: void onFailure(int,java.lang.String)
cn.bmob.v3.datatype.BmobFile$5
cn.bmob.v3.datatype.BmobFile$5: android.widget.ImageView ar
cn.bmob.v3.datatype.BmobFile$5: BmobFile$5(cn.bmob.v3.datatype.BmobFile,android.widget.ImageView)
cn.bmob.v3.datatype.BmobFile$5: void Code(h.method)
cn.bmob.v3.datatype.BmobFile$5: void Code(i.From$of)
cn.bmob.v3.datatype.BmobFile$6
cn.bmob.v3.datatype.BmobFile$6: android.widget.ImageView ar
cn.bmob.v3.datatype.BmobFile$6: BmobFile$6(cn.bmob.v3.datatype.BmobFile,android.widget.ImageView)
cn.bmob.v3.datatype.BmobFile$6: void Code(h.method)
cn.bmob.v3.datatype.BmobFile$6: void Code(i.From$of)