proguard/mapping.txt
com.jingkaihotel.R -> com.jingkaihotel.a:
com.jingkaihotel.R$styleable -> com.jingkaihotel.b:
    int[] CirclePageIndicator -> CirclePageIndicator
    int CirclePageIndicator_android_background -> CirclePageIndicator_android_background
    int CirclePageIndicator_android_orientation -> CirclePageIndicator_android_orientation
    int CirclePageIndicator_centered -> CirclePageIndicator_centered
    int CirclePageIndicator_fillColor -> CirclePageIndicator_fillColor
    int CirclePageIndicator_pageColor -> CirclePageIndicator_pageColor
    int CirclePageIndicator_radius -> CirclePageIndicator_radius
    int CirclePageIndicator_snap -> CirclePageIndicator_snap
    int CirclePageIndicator_strokeColor -> CirclePageIndicator_strokeColor
    int CirclePageIndicator_strokeWidth -> CirclePageIndicator_strokeWidth
    int[] PullToRefresh -> PullToRefresh
    int PullToRefresh_ptrAdapterViewBackground -> PullToRefresh_ptrAdapterViewBackground
    int PullToRefresh_ptrAnimationStyle -> PullToRefresh_ptrAnimationStyle
    int PullToRefresh_ptrDrawable -> PullToRefresh_ptrDrawable
    int PullToRefresh_ptrDrawableBottom -> PullToRefresh_ptrDrawableBottom
    int PullToRefresh_ptrDrawableEnd -> PullToRefresh_ptrDrawableEnd
    int PullToRefresh_ptrDrawableStart -> PullToRefresh_ptrDrawableStart
    int PullToRefresh_ptrDrawableTop -> PullToRefresh_ptrDrawableTop
    int PullToRefresh_ptrHeaderBackground -> PullToRefresh_ptrHeaderBackground
    int PullToRefresh_ptrHeaderSubTextColor -> PullToRefresh_ptrHeaderSubTextColor
com.jingkaihotel.activity.ActivityAboutMe -> com.jingkaihotel.activity.ActivityAboutMe:
    void onCreate(android.os.Bundle) -> onCreate
com.jingkaihotel.activity.ActivityCallWaiter -> com.jingkaihotel.activity.ActivityCallWaiter:
    void onCreate(android.os.Bundle) -> onCreate
    void copyUrl(android.view.View) -> copyUrl
com.jingkaihotel.activity.ActivityEmail -> com.jingkaihotel.activity.ActivityEmail:
    void onCreate(android.os.Bundle) -> onCreate
    void copyUrl(android.view.View) -> copyUrl
com.jingkaihotel.activity.ActivityHotelAddress -> com.jingkaihotel.activity.ActivityHotelAddress:
    void onCreate(android.os.Bundle) -> onCreate
com.jingkaihotel.activity.ActivityHotelAlbum -> com.jingkaihotel.activity.ActivityHotelAlbum:
    android.widget.GridView gridView -> a
    com.jingkaihotel.activity.ActivityHotelAlbum$MyAdapter adapter -> b
    int[] resoureId -> c
    java.lang.String[] desc -> d
    void onCreate(android.os.Bundle) -> onCreate
com.jingkaihotel.activity.ActivityHotelAlbum$1 -> com.jingkaihotel.activity.a:
    android.content.Intent intent -> a
    com.jingkaihotel.activity.ActivityHotelAlbum this$0 -> b
    void onItemClick(android.widget.AdapterView,android.view.View,int,long) -> onItemClick
com.jingkaihotel.activity.ActivityHotelAlbum$MyAdapter -> com.jingkaihotel.activity.b:
    android.view.LayoutInflater inflater -> a
    android.widget.ImageView imageView -> b
    android.widget.TextView textView -> c
    com.jingkaihotel.activity.ActivityHotelAlbum this$0 -> d
    int getCount() -> getCount
    java.lang.Object getItem(int) -> getItem
    long getItemId(int) -> getItemId
    android.view.View getView(int,android.view.View,android.view.ViewGroup) -> getView
com.jingkaihotel.activity.ActivityHotelGoods -> com.jingkaihotel.activity.ActivityHotelGoods:
    void onCreate(android.os.Bundle) -> onCreate
com.jingkaihotel.activity.ActivityHotelNote -> com.jingkaihotel.activity.ActivityHotelNote:
    void onCreate(android.os.Bundle) -> onCreate
com.jingkaihotel.activity.ActivityHotelWeiBo -> com.jingkaihotel.activity.ActivityHotelWeiBo:
    java.lang.String url -> a
    android.webkit.WebView webView -> b
    void onCreate(android.os.Bundle) -> onCreate
    void copyUrl(android.view.View) -> copyUrl
...
cn.bmob.v3.BmobRealTimeData -> cn.bmob.v3.BmobRealTimeData:
    java.lang.String ACTION_UPDATETABLE -> ACTION_UPDATETABLE
    java.lang.String ACTION_DELETETABLE -> ACTION_DELETETABLE
    java.lang.String ACTION_UPDATEROW -> ACTION_UPDATEROW
    java.lang.String ACTION_DELETEROW -> ACTION_DELETEROW
    android.content.Context mContext -> mContext
    G.I M -> M
    void start(android.content.Context,cn.bmob.v3.listener.ValueEventListener) -> start
    boolean isConnected() -> isConnected
    void subTableUpdate(java.lang.String) -> subTableUpdate
    void unsubTableUpdate(java.lang.String) -> unsubTableUpdate
    void subTableDelete(java.lang.String) -> subTableDelete
    void unsubTableDelete(java.lang.String) -> unsubTableDelete
    void subRowUpdate(java.lang.String,java.lang.String) -> subRowUpdate
    void unsubRowUpdate(java.lang.String,java.lang.String) -> unsubRowUpdate
    void subRowDelete(java.lang.String,java.lang.String) -> subRowDelete
    void unsubRowDelete(java.lang.String,java.lang.String) -> unsubRowDelete
    org.json.JSONObject Code(java.lang.String,java.lang.String,java.lang.String) -> Code
    void Code(cn.bmob.v3.BmobRealTimeData,G.I) -> Code
cn.bmob.v3.BmobRealTimeData$1 -> cn.bmob.v3.BmobRealTimeData$1:
    cn.bmob.v3.BmobRealTimeData N -> N
    cn.bmob.v3.listener.ValueEventListener O -> O
    void Code(java.lang.Exception,G.I) -> Code
cn.bmob.v3.BmobRealTimeData$1$1 -> cn.bmob.v3.BmobRealTimeData$1$1:
    G.I P -> P
    cn.bmob.v3.listener.ValueEventListener O -> O
    void Code(org.json.JSONArray) -> Code
cn.bmob.v3.BmobRealTimeData$1$1$1 -> cn.bmob.v3.BmobRealTimeData$1$1$1:
    cn.bmob.v3.listener.ValueEventListener O -> O
    void Code(org.json.JSONArray) -> Code
cn.bmob.v3.BmobRole -> cn.bmob.v3.BmobRole:
    long serialVersionUID -> serialVersionUID
    java.lang.String tableName -> tableName
    java.lang.String name -> name
    cn.bmob.v3.datatype.BmobRelation Q -> Q
    cn.bmob.v3.datatype.BmobRelation R -> R
    java.lang.String getTableName() -> getTableName
    java.lang.String getName() -> getName
    void setName(java.lang.String) -> setName
    cn.bmob.v3.datatype.BmobRelation getRoles() -> getRoles
    cn.bmob.v3.datatype.BmobRelation getUsers() -> getUsers
cn.bmob.v3.BmobUser -> cn.bmob.v3.BmobUser:
    long serialVersionUID -> serialVersionUID
    java.lang.String username -> username
    java.lang.String password -> password
    java.lang.String email -> email
    java.lang.Boolean emailVerified -> emailVerified
    java.lang.String sessionToken -> sessionToken
    org.json.JSONObject current -> current
    java.lang.String getTableName() -> getTableName
    java.lang.String getUsername() -> getUsername
    void setUsername(java.lang.String) -> setUsername
    java.lang.String getPassword() -> getPassword
    void setPassword(java.lang.String) -> setPassword
    java.lang.String getEmail() -> getEmail
    void setEmail(java.lang.String) -> setEmail
    java.lang.Boolean getEmailVerified() -> getEmailVerified
    void setEmailVerified(java.lang.Boolean) -> setEmailVerified
    java.lang.String getSessionToken() -> getSessionToken
    void setSessionToken(java.lang.String) -> setSessionToken
    void signUp(android.content.Context,cn.bmob.v3.listener.SaveListener) -> signUp
    void login(android.content.Context,cn.bmob.v3.listener.SaveListener) -> login
    void update(android.content.Context) -> update
    void update(android.content.Context,cn.bmob.v3.listener.UpdateListener) -> update
    void update(android.content.Context,java.lang.String,cn.bmob.v3.listener.UpdateListener) -> update
    void weiboLogin(android.content.Context,java.lang.String,java.lang.String,cn.bmob.v3.listener.OtherLoginListener) -> weiboLogin