proguard/usage.txt
com.jingkaihotel.BuildConfig
com.jingkaihotel.Manifest
com.jingkaihotel.Manifest$permission
com.jingkaihotel.R:
    10:10:public R()
com.jingkaihotel.R$attr
com.jingkaihotel.R$drawable
com.jingkaihotel.R$id
com.jingkaihotel.R$layout
com.jingkaihotel.R$string
com.jingkaihotel.R$style
com.jingkaihotel.R$styleable:
    678:678:public R$styleable()
com.jingkaihotel.activity.ActivityShowPhoto$1:
    android.view.View view
com.jingkaihotel.activity.MainActivity
...
android.support.v4.widget.ListViewAutoScrollHelper
android.support.v4.widget.PopupMenuCompat
android.support.v4.widget.PopupMenuCompat$BasePopupMenuImpl
android.support.v4.widget.PopupMenuCompat$KitKatPopupMenuImpl
android.support.v4.widget.PopupMenuCompat$PopupMenuImpl
android.support.v4.widget.PopupMenuCompatKitKat
android.support.v4.widget.ResourceCursorAdapter
android.support.v4.widget.ScrollerCompat:
    private static final java.lang.String TAG
    static final int CHASE_FRAME_TIME
    246:246:public static android.support.v4.widget.ScrollerCompat create(android.content.Context)
    250:250:public static android.support.v4.widget.ScrollerCompat create(android.content.Context,android.view.animation.Interpolator)
    254:256:ScrollerCompat(android.content.Context,android.view.animation.Interpolator)
    262:271:private ScrollerCompat(int,android.content.Context,android.view.animation.Interpolator)
    325:325:public float getCurrVelocity()
    352:353:public void startScroll(int,int,int,int)
    393:394:public void fling(int,int,int,int,int,int,int,int)
    421:423:public void fling(int,int,int,int,int,int,int,int,int,int)
    448:449:public void notifyHorizontalEdgeReached(int,int,int)
    465:466:public void notifyVerticalEdgeReached(int,int,int)
    482:482:public boolean isOverScrolled()
android.support.v4.widget.ScrollerCompat$ScrollerCompatImpl:
    public abstract java.lang.Object createScroller(android.content.Context,android.view.animation.Interpolator)
    public abstract float getCurrVelocity(java.lang.Object)
    public abstract void startScroll(java.lang.Object,int,int,int,int)
    public abstract void fling(java.lang.Object,int,int,int,int,int,int,int,int)
    public abstract void fling(java.lang.Object,int,int,int,int,int,int,int,int,int,int)
    public abstract void notifyHorizontalEdgeReached(java.lang.Object,int,int,int)
    public abstract void notifyVerticalEdgeReached(java.lang.Object,int,int,int)
    public abstract boolean isOverScrolled(java.lang.Object)
android.support.v4.widget.ScrollerCompat$ScrollerCompatImplBase
android.support.v4.widget.ScrollerCompat$ScrollerCompatImplGingerbread
android.support.v4.widget.ScrollerCompat$ScrollerCompatImplIcs
android.support.v4.widget.ScrollerCompatGingerbread
android.support.v4.widget.ScrollerCompatIcs
android.support.v4.widget.SearchViewCompat
android.support.v4.widget.SearchViewCompat$OnCloseListenerCompat
android.support.v4.widget.SearchViewCompat$OnQueryTextListenerCompat
android.support.v4.widget.SearchViewCompat$SearchViewCompatHoneycombImpl
android.support.v4.widget.SearchViewCompat$SearchViewCompatHoneycombImpl$1
android.support.v4.widget.SearchViewCompat$SearchViewCompatHoneycombImpl$2
android.support.v4.widget.SearchViewCompat$SearchViewCompatIcsImpl
android.support.v4.widget.SearchViewCompat$SearchViewCompatImpl
android.support.v4.widget.SearchViewCompat$SearchViewCompatStubImpl
android.support.v4.widget.SearchViewCompatHoneycomb
android.support.v4.widget.SearchViewCompatHoneycomb$1
android.support.v4.widget.SearchViewCompatHoneycomb$2
android.support.v4.widget.SearchViewCompatHoneycomb$OnCloseListenerCompatBridge
android.support.v4.widget.SearchViewCompatHoneycomb$OnQueryTextListenerCompatBridge
android.support.v4.widget.SearchViewCompatIcs
android.support.v4.widget.SearchViewCompatIcs$MySearchView
android.support.v4.widget.SimpleCursorAdapter
android.support.v4.widget.SimpleCursorAdapter$CursorToStringConverter
android.support.v4.widget.SimpleCursorAdapter$ViewBinder